生成启动时间为 2016/10/13 19:24:04。
     1>项目“D:\Microsoft Visual Studio 10.0\离散数学\二元关系性质的判断\二元关系性质的判断\二元关系性质的判断.vcxproj”在节点 2 上(build 个目标)。
     1>PrepareForBuild:
         正在创建目录“D:\Microsoft Visual Studio 10.0\离散数学\二元关系性质的判断\Debug\”。
       InitializeBuildStatus:
         正在创建“Debug\二元关系性质的判断.unsuccessfulbuild”，因为已指定“AlwaysCreate”。
       ClCompile:
         d:\Microsoft Visual Studio 10.0\VC\bin\CL.exe /c /ZI /nologo /W3 /WX- /Od /Oy- /D _UNICODE /D UNICODE /Gm /EHsc /RTC1 /MDd /GS /fp:precise /Zc:wchar_t /Zc:forScope /Fo"Debug\\" /Fd"Debug\vc100.pdb" /Gd /TP /analyze- /errorReport:prompt main.cpp
         main.cpp
       Link:
         d:\Microsoft Visual Studio 10.0\VC\bin\link.exe /ERRORREPORT:PROMPT /OUT:"D:\Microsoft Visual Studio 10.0\离散数学\二元关系性质的判断\Debug\二元关系性质的判断.exe" /NOLOGO kernel32.lib user32.lib gdi32.lib winspool.lib comdlg32.lib advapi32.lib shell32.lib ole32.lib oleaut32.lib uuid.lib odbc32.lib odbccp32.lib /MANIFEST /ManifestFile:"Debug\二元关系性质的判断.exe.intermediate.manifest" /MANIFESTUAC:"level='asInvoker' uiAccess='false'" /DEBUG /PDB:"D:\Microsoft Visual Studio 10.0\离散数学\二元关系性质的判断\Debug\二元关系性质的判断.pdb" /TLBID:1 /DYNAMICBASE /NXCOMPAT /IMPLIB:"D:\Microsoft Visual Studio 10.0\离散数学\二元关系性质的判断\Debug\二元关系性质的判断.lib" /MACHINE:X86 Debug\main.obj
         二元关系性质的判断.vcxproj -> D:\Microsoft Visual Studio 10.0\离散数学\二元关系性质的判断\Debug\二元关系性质的判断.exe
       Manifest:
         C:\Program Files (x86)\Microsoft SDKs\Windows\v7.0A\bin\mt.exe /nologo /verbose /outputresource:"D:\Microsoft Visual Studio 10.0\离散数学\二元关系性质的判断\Debug\二元关系性质的判断.exe;#1" /manifest "Debug\二元关系性质的判断.exe.intermediate.manifest"
       FinalizeBuildStatus:
         正在删除文件“Debug\二元关系性质的判断.unsuccessfulbuild”。
         正在对“Debug\二元关系性质的判断.lastbuildstate”执行 Touch 任务。
     1>已完成生成项目“D:\Microsoft Visual Studio 10.0\离散数学\二元关系性质的判断\二元关系性质的判断\二元关系性质的判断.vcxproj”(build 个目标)的操作。

生成成功。

已用时间 00:00:00.93
